<?xml version="1.0" encoding="UTF-8"?>
<testsuite xmlns:xsi="http://www.w3.org/2001/XMLSchema-instance" xsi:noNamespaceSchemaLocation="https://maven.apache.org/surefire/maven-surefire-plugin/xsd/surefire-test-report-3.0.xsd" version="3.0" name="com.internetHerokuapp.tests.DropDownListsTests" time="6.605" tests="1" errors="0" skipped="0" failures="0">
  <properties>
    <property name="java.specification.version" value="21"/>
    <property name="sun.cpu.isalist" value="amd64"/>
    <property name="sun.jnu.encoding" value="Cp1251"/>
    <property name="java.class.path" value="C:\aittr\QA\QA68_HW_internetHerokuapp\target\test-classes;C:\aittr\QA\QA68_HW_internetHerokuapp\target\classes;C:\Users\gorlu\.m2\repository\org\seleniumhq\selenium\selenium-java\4.36.0\selenium-java-4.36.0.jar;C:\Users\gorlu\.m2\repository\org\seleniumhq\selenium\selenium-api\4.36.0\selenium-api-4.36.0.jar;C:\Users\gorlu\.m2\repository\org\jspecify\jspecify\1.0.0\jspecify-1.0.0.jar;C:\Users\gorlu\.m2\repository\org\seleniumhq\selenium\selenium-chrome-driver\4.36.0\selenium-chrome-driver-4.36.0.jar;C:\Users\gorlu\.m2\repository\com\google\auto\service\auto-service-annotations\1.1.1\auto-service-annotations-1.1.1.jar;C:\Users\gorlu\.m2\repository\org\seleniumhq\selenium\selenium-chromium-driver\4.36.0\selenium-chromium-driver-4.36.0.jar;C:\Users\gorlu\.m2\repository\org\seleniumhq\selenium\selenium-json\4.36.0\selenium-json-4.36.0.jar;C:\Users\gorlu\.m2\repository\org\seleniumhq\selenium\selenium-manager\4.36.0\selenium-manager-4.36.0.jar;C:\Users\gorlu\.m2\repository\org\seleniumhq\selenium\selenium-devtools-v138\4.36.0\selenium-devtools-v138-4.36.0.jar;C:\Users\gorlu\.m2\repository\org\seleniumhq\selenium\selenium-devtools-v139\4.36.0\selenium-devtools-v139-4.36.0.jar;C:\Users\gorlu\.m2\repository\org\seleniumhq\selenium\selenium-devtools-v140\4.36.0\selenium-devtools-v140-4.36.0.jar;C:\Users\gorlu\.m2\repository\org\seleniumhq\selenium\selenium-edge-driver\4.36.0\selenium-edge-driver-4.36.0.jar;C:\Users\gorlu\.m2\repository\org\seleniumhq\selenium\selenium-firefox-driver\4.36.0\selenium-firefox-driver-4.36.0.jar;C:\Users\gorlu\.m2\repository\org\seleniumhq\selenium\selenium-http\4.36.0\selenium-http-4.36.0.jar;C:\Users\gorlu\.m2\repository\org\seleniumhq\selenium\selenium-ie-driver\4.36.0\selenium-ie-driver-4.36.0.jar;C:\Users\gorlu\.m2\repository\org\seleniumhq\selenium\selenium-remote-driver\4.36.0\selenium-remote-driver-4.36.0.jar;C:\Users\gorlu\.m2\repository\com\google\guava\guava\33.5.0-jre\guava-33.5.0-jre.jar;C:\Users\gorlu\.m2\repository\com\google\guava\failureaccess\1.0.3\failureaccess-1.0.3.jar;C:\Users\gorlu\.m2\repository\com\google\guava\listenablefuture\9999.0-empty-to-avoid-conflict-with-guava\listenablefuture-9999.0-empty-to-avoid-conflict-with-guava.jar;C:\Users\gorlu\.m2\repository\com\google\errorprone\error_prone_annotations\2.41.0\error_prone_annotations-2.41.0.jar;C:\Users\gorlu\.m2\repository\com\google\j2objc\j2objc-annotations\3.1\j2objc-annotations-3.1.jar;C:\Users\gorlu\.m2\repository\io\opentelemetry\opentelemetry-api\1.54.0\opentelemetry-api-1.54.0.jar;C:\Users\gorlu\.m2\repository\io\opentelemetry\opentelemetry-context\1.54.0\opentelemetry-context-1.54.0.jar;C:\Users\gorlu\.m2\repository\io\opentelemetry\opentelemetry-common\1.54.0\opentelemetry-common-1.54.0.jar;C:\Users\gorlu\.m2\repository\io\opentelemetry\opentelemetry-exporter-logging\1.54.0\opentelemetry-exporter-logging-1.54.0.jar;C:\Users\gorlu\.m2\repository\io\opentelemetry\opentelemetry-sdk-common\1.54.0\opentelemetry-sdk-common-1.54.0.jar;C:\Users\gorlu\.m2\repository\io\opentelemetry\opentelemetry-sdk-extension-autoconfigure-spi\1.54.0\opentelemetry-sdk-extension-autoconfigure-spi-1.54.0.jar;C:\Users\gorlu\.m2\repository\io\opentelemetry\opentelemetry-sdk-extension-autoconfigure\1.54.0\opentelemetry-sdk-extension-autoconfigure-1.54.0.jar;C:\Users\gorlu\.m2\repository\io\opentelemetry\opentelemetry-sdk-trace\1.54.0\opentelemetry-sdk-trace-1.54.0.jar;C:\Users\gorlu\.m2\repository\io\opentelemetry\opentelemetry-sdk\1.54.0\opentelemetry-sdk-1.54.0.jar;C:\Users\gorlu\.m2\repository\io\opentelemetry\opentelemetry-sdk-metrics\1.54.0\opentelemetry-sdk-metrics-1.54.0.jar;C:\Users\gorlu\.m2\repository\io\opentelemetry\opentelemetry-sdk-logs\1.54.0\opentelemetry-sdk-logs-1.54.0.jar;C:\Users\gorlu\.m2\repository\org\seleniumhq\selenium\selenium-os\4.36.0\selenium-os-4.36.0.jar;C:\Users\gorlu\.m2\repository\org\apache\commons\commons-exec\1.5.0\commons-exec-1.5.0.jar;C:\Users\gorlu\.m2\repository\org\seleniumhq\selenium\selenium-safari-driver\4.36.0\selenium-safari-driver-4.36.0.jar;C:\Users\gorlu\.m2\repository\org\seleniumhq\selenium\selenium-support\4.36.0\selenium-support-4.36.0.jar;C:\Users\gorlu\.m2\repository\org\junit\jupiter\junit-jupiter\6.0.0\junit-jupiter-6.0.0.jar;C:\Users\gorlu\.m2\repository\org\junit\jupiter\junit-jupiter-api\6.0.0\junit-jupiter-api-6.0.0.jar;C:\Users\gorlu\.m2\repository\org\opentest4j\opentest4j\1.3.0\opentest4j-1.3.0.jar;C:\Users\gorlu\.m2\repository\org\junit\platform\junit-platform-commons\6.0.0\junit-platform-commons-6.0.0.jar;C:\Users\gorlu\.m2\repository\org\apiguardian\apiguardian-api\1.1.2\apiguardian-api-1.1.2.jar;C:\Users\gorlu\.m2\repository\org\junit\jupiter\junit-jupiter-params\6.0.0\junit-jupiter-params-6.0.0.jar;C:\Users\gorlu\.m2\repository\org\junit\jupiter\junit-jupiter-engine\6.0.0\junit-jupiter-engine-6.0.0.jar;C:\Users\gorlu\.m2\repository\org\junit\platform\junit-platform-engine\6.0.0\junit-platform-engine-6.0.0.jar;C:\Users\gorlu\.m2\repository\ch\qos\logback\logback-classic\1.5.19\logback-classic-1.5.19.jar;C:\Users\gorlu\.m2\repository\ch\qos\logback\logback-core\1.5.19\logback-core-1.5.19.jar;C:\Users\gorlu\.m2\repository\org\slf4j\slf4j-api\2.0.17\slf4j-api-2.0.17.jar;C:\Users\gorlu\.m2\repository\org\assertj\assertj-core\3.27.3\assertj-core-3.27.3.jar;C:\Users\gorlu\.m2\repository\net\bytebuddy\byte-buddy\1.15.11\byte-buddy-1.15.11.jar;"/>
    <property name="java.vm.vendor" value="Oracle Corporation"/>
    <property name="sun.arch.data.model" value="64"/>
    <property name="user.variant" value=""/>
    <property name="java.vendor.url" value="https://java.oracle.com/"/>
    <property name="user.timezone" value="Europe/Berlin"/>
    <property name="os.name" value="Windows 11"/>
    <property name="java.vm.specification.version" value="21"/>
    <property name="sun.java.launcher" value="SUN_STANDARD"/>
    <property name="user.country" value="RU"/>
    <property name="sun.boot.library.path" value="C:\Program Files\Java\jdk-21\bin"/>
    <property name="sun.java.command" value="C:\Users\gorlu\AppData\Local\Temp\surefire16918251886745941290\surefirebooter-20251027155346636_3.jar C:\Users\gorlu\AppData\Local\Temp\surefire16918251886745941290 2025-10-27T15-53-46_346-jvmRun1 surefire-20251027155346636_1tmp surefire_0-20251027155346636_2tmp"/>
    <property name="jdk.debug" value="release"/>
    <property name="test" value="DropDownListsTests"/>
    <property name="surefire.test.class.path" value="C:\aittr\QA\QA68_HW_internetHerokuapp\target\test-classes;C:\aittr\QA\QA68_HW_internetHerokuapp\target\classes;C:\Users\gorlu\.m2\repository\org\seleniumhq\selenium\selenium-java\4.36.0\selenium-java-4.36.0.jar;C:\Users\gorlu\.m2\repository\org\seleniumhq\selenium\selenium-api\4.36.0\selenium-api-4.36.0.jar;C:\Users\gorlu\.m2\repository\org\jspecify\jspecify\1.0.0\jspecify-1.0.0.jar;C:\Users\gorlu\.m2\repository\org\seleniumhq\selenium\selenium-chrome-driver\4.36.0\selenium-chrome-driver-4.36.0.jar;C:\Users\gorlu\.m2\repository\com\google\auto\service\auto-service-annotations\1.1.1\auto-service-annotations-1.1.1.jar;C:\Users\gorlu\.m2\repository\org\seleniumhq\selenium\selenium-chromium-driver\4.36.0\selenium-chromium-driver-4.36.0.jar;C:\Users\gorlu\.m2\repository\org\seleniumhq\selenium\selenium-json\4.36.0\selenium-json-4.36.0.jar;C:\Users\gorlu\.m2\repository\org\seleniumhq\selenium\selenium-manager\4.36.0\selenium-manager-4.36.0.jar;C:\Users\gorlu\.m2\repository\org\seleniumhq\selenium\selenium-devtools-v138\4.36.0\selenium-devtools-v138-4.36.0.jar;C:\Users\gorlu\.m2\repository\org\seleniumhq\selenium\selenium-devtools-v139\4.36.0\selenium-devtools-v139-4.36.0.jar;C:\Users\gorlu\.m2\repository\org\seleniumhq\selenium\selenium-devtools-v140\4.36.0\selenium-devtools-v140-4.36.0.jar;C:\Users\gorlu\.m2\repository\org\seleniumhq\selenium\selenium-edge-driver\4.36.0\selenium-edge-driver-4.36.0.jar;C:\Users\gorlu\.m2\repository\org\seleniumhq\selenium\selenium-firefox-driver\4.36.0\selenium-firefox-driver-4.36.0.jar;C:\Users\gorlu\.m2\repository\org\seleniumhq\selenium\selenium-http\4.36.0\selenium-http-4.36.0.jar;C:\Users\gorlu\.m2\repository\org\seleniumhq\selenium\selenium-ie-driver\4.36.0\selenium-ie-driver-4.36.0.jar;C:\Users\gorlu\.m2\repository\org\seleniumhq\selenium\selenium-remote-driver\4.36.0\selenium-remote-driver-4.36.0.jar;C:\Users\gorlu\.m2\repository\com\google\guava\guava\33.5.0-jre\guava-33.5.0-jre.jar;C:\Users\gorlu\.m2\repository\com\google\guava\failureaccess\1.0.3\failureaccess-1.0.3.jar;C:\Users\gorlu\.m2\repository\com\google\guava\listenablefuture\9999.0-empty-to-avoid-conflict-with-guava\listenablefuture-9999.0-empty-to-avoid-conflict-with-guava.jar;C:\Users\gorlu\.m2\repository\com\google\errorprone\error_prone_annotations\2.41.0\error_prone_annotations-2.41.0.jar;C:\Users\gorlu\.m2\repository\com\google\j2objc\j2objc-annotations\3.1\j2objc-annotations-3.1.jar;C:\Users\gorlu\.m2\repository\io\opentelemetry\opentelemetry-api\1.54.0\opentelemetry-api-1.54.0.jar;C:\Users\gorlu\.m2\repository\io\opentelemetry\opentelemetry-context\1.54.0\opentelemetry-context-1.54.0.jar;C:\Users\gorlu\.m2\repository\io\opentelemetry\opentelemetry-common\1.54.0\opentelemetry-common-1.54.0.jar;C:\Users\gorlu\.m2\repository\io\opentelemetry\opentelemetry-exporter-logging\1.54.0\opentelemetry-exporter-logging-1.54.0.jar;C:\Users\gorlu\.m2\repository\io\opentelemetry\opentelemetry-sdk-common\1.54.0\opentelemetry-sdk-common-1.54.0.jar;C:\Users\gorlu\.m2\repository\io\opentelemetry\opentelemetry-sdk-extension-autoconfigure-spi\1.54.0\opentelemetry-sdk-extension-autoconfigure-spi-1.54.0.jar;C:\Users\gorlu\.m2\repository\io\opentelemetry\opentelemetry-sdk-extension-autoconfigure\1.54.0\opentelemetry-sdk-extension-autoconfigure-1.54.0.jar;C:\Users\gorlu\.m2\repository\io\opentelemetry\opentelemetry-sdk-trace\1.54.0\opentelemetry-sdk-trace-1.54.0.jar;C:\Users\gorlu\.m2\repository\io\opentelemetry\opentelemetry-sdk\1.54.0\opentelemetry-sdk-1.54.0.jar;C:\Users\gorlu\.m2\repository\io\opentelemetry\opentelemetry-sdk-metrics\1.54.0\opentelemetry-sdk-metrics-1.54.0.jar;C:\Users\gorlu\.m2\repository\io\opentelemetry\opentelemetry-sdk-logs\1.54.0\opentelemetry-sdk-logs-1.54.0.jar;C:\Users\gorlu\.m2\repository\org\seleniumhq\selenium\selenium-os\4.36.0\selenium-os-4.36.0.jar;C:\Users\gorlu\.m2\repository\org\apache\commons\commons-exec\1.5.0\commons-exec-1.5.0.jar;C:\Users\gorlu\.m2\repository\org\seleniumhq\selenium\selenium-safari-driver\4.36.0\selenium-safari-driver-4.36.0.jar;C:\Users\gorlu\.m2\repository\org\seleniumhq\selenium\selenium-support\4.36.0\selenium-support-4.36.0.jar;C:\Users\gorlu\.m2\repository\org\junit\jupiter\junit-jupiter\6.0.0\junit-jupiter-6.0.0.jar;C:\Users\gorlu\.m2\repository\org\junit\jupiter\junit-jupiter-api\6.0.0\junit-jupiter-api-6.0.0.jar;C:\Users\gorlu\.m2\repository\org\opentest4j\opentest4j\1.3.0\opentest4j-1.3.0.jar;C:\Users\gorlu\.m2\repository\org\junit\platform\junit-platform-commons\6.0.0\junit-platform-commons-6.0.0.jar;C:\Users\gorlu\.m2\repository\org\apiguardian\apiguardian-api\1.1.2\apiguardian-api-1.1.2.jar;C:\Users\gorlu\.m2\repository\org\junit\jupiter\junit-jupiter-params\6.0.0\junit-jupiter-params-6.0.0.jar;C:\Users\gorlu\.m2\repository\org\junit\jupiter\junit-jupiter-engine\6.0.0\junit-jupiter-engine-6.0.0.jar;C:\Users\gorlu\.m2\repository\org\junit\platform\junit-platform-engine\6.0.0\junit-platform-engine-6.0.0.jar;C:\Users\gorlu\.m2\repository\ch\qos\logback\logback-classic\1.5.19\logback-classic-1.5.19.jar;C:\Users\gorlu\.m2\repository\ch\qos\logback\logback-core\1.5.19\logback-core-1.5.19.jar;C:\Users\gorlu\.m2\repository\org\slf4j\slf4j-api\2.0.17\slf4j-api-2.0.17.jar;C:\Users\gorlu\.m2\repository\org\assertj\assertj-core\3.27.3\assertj-core-3.27.3.jar;C:\Users\gorlu\.m2\repository\net\bytebuddy\byte-buddy\1.15.11\byte-buddy-1.15.11.jar;"/>
    <property name="sun.cpu.endian" value="little"/>
    <property name="user.home" value="C:\Users\gorlu"/>
    <property name="user.language" value="ru"/>
    <property name="java.specification.vendor" value="Oracle Corporation"/>
    <property name="java.version.date" value="2025-04-15"/>
    <property name="java.home" value="C:\Program Files\Java\jdk-21"/>
    <property name="file.separator" value="\"/>
    <property name="basedir" value="C:\aittr\QA\QA68_HW_internetHerokuapp"/>
    <property name="java.vm.compressedOopsMode" value="32-bit"/>
    <property name="line.separator" value="&#10;"/>
    <property name="java.vm.specification.vendor" value="Oracle Corporation"/>
    <property name="java.specification.name" value="Java Platform API Specification"/>
    <property name="surefire.real.class.path" value="C:\Users\gorlu\AppData\Local\Temp\surefire16918251886745941290\surefirebooter-20251027155346636_3.jar"/>
    <property name="user.script" value=""/>
    <property name="sun.management.compiler" value="HotSpot 64-Bit Tiered Compilers"/>
    <property name="java.runtime.version" value="21.0.7+8-LTS-245"/>
    <property name="user.name" value="gorlu"/>
    <property name="stdout.encoding" value="Cp1251"/>
    <property name="path.separator" value=";"/>
    <property name="os.version" value="10.0"/>
    <property name="java.runtime.name" value="Java(TM) SE Runtime Environment"/>
    <property name="file.encoding" value="UTF-8"/>
    <property name="java.vm.name" value="Java HotSpot(TM) 64-Bit Server VM"/>
    <property name="localRepository" value="C:\Users\gorlu\.m2\repository"/>
    <property name="java.vendor.url.bug" value="https://bugreport.java.com/bugreport/"/>
    <property name="java.io.tmpdir" value="C:\Users\gorlu\AppData\Local\Temp\"/>
    <property name="java.version" value="21.0.7"/>
    <property name="user.dir" value="C:\aittr\QA\QA68_HW_internetHerokuapp"/>
    <property name="os.arch" value="amd64"/>
    <property name="java.vm.specification.name" value="Java Virtual Machine Specification"/>
    <property name="sun.os.patch.level" value=""/>
    <property name="native.encoding" value="Cp1251"/>
    <property name="java.library.path" value="C:\Program Files\Java\jdk-21\bin;C:\WINDOWS\Sun\Java\bin;C:\WINDOWS\system32;C:\WINDOWS;C:\Program Files\Common Files\Oracle\Java\javapath;C:\WINDOWS\system32;C:\WINDOWS;C:\WINDOWS\System32\Wbem;C:\WINDOWS\System32\WindowsPowerShell\v1.0\;C:\WINDOWS\System32\OpenSSH\;C:\Program Files (x86)\PowerShell\7\;C:\Program Files\Git\cmd;C:\Program Files\Java\jdk-21\bin;C:\Tools\;C:\Tools\gradle-9.1.0\bin;C:\Tools\apache-maven-3.9.11\bin;C:\Users\gorlu\AppData\Local\Programs\Python\Python313\Scripts\;C:\Users\gorlu\AppData\Local\Programs\Python\Python313\;C:\Users\gorlu\AppData\Local\Microsoft\WindowsApps;;C:\Program Files\JetBrains\PyCharm Community Edition 2025.1.1\bin;;C:\Program Files\JetBrains\IntelliJ IDEA Community Edition 2025.1.1.1\bin;;C:\Users\gorlu\AppData\Local\Programs\Windsurf\bin;C:\Users\gorlu\AppData\Local\Programs\Microsoft VS Code\bin;."/>
    <property name="java.vm.info" value="mixed mode, sharing"/>
    <property name="stderr.encoding" value="Cp1251"/>
    <property name="java.vendor" value="Oracle Corporation"/>
    <property name="java.vm.version" value="21.0.7+8-LTS-245"/>
    <property name="sun.io.unicode.encoding" value="UnicodeLittle"/>
    <property name="java.class.version" value="65.0"/>
  </properties>
  <testcase name="DropdownListTests" classname="com.internetHerokuapp.tests.DropDownListsTests" time="6.573">
    <system-out><![CDATA[15:53:53.669 [main] INFO  c.i.pages.dropdown.DropdownPage - Selected option:Option 1
15:53:53.792 [main] INFO  c.i.pages.dropdown.DropdownPage - Verified selected option: Option 1
15:53:53.976 [main] INFO  c.i.pages.dropdown.DropdownPage - Selected option:Option 2
15:53:54.081 [main] INFO  c.i.pages.dropdown.DropdownPage - Verified selected option: Option 2
]]></system-out>
    <system-err><![CDATA[окт. 27, 2025 3:53:49 PM org.openqa.selenium.devtools.CdpVersionFinder findNearestMatch
WARNING: Unable to find an exact match for CDP version 141, returning the closest version; found: 140; Please update to a Selenium version that supports CDP version 141
]]></system-err>
  </testcase>
</testsuite>